[23:56:55] [main/INFO]: Setting user: Player730
[23:56:58] [main/WARN]: Skipping bad option: lastServer:
[23:56:58] [main/INFO]: LWJGL Version: 2.9.4
[23:57:01] [main/INFO]: Reloading ResourceManager: Default, FMLFileResourcePack:Forge Mod Loader, FMLFileResourcePack:Minecraft Forge, FMLFileResourcePack:Laton's Test Mod
[23:57:03] [Sound Library Loader/INFO]: Starting up SoundSystem...
[23:57:03] [Thread-5/INFO]: Initializing LWJGL OpenAL
[23:57:03] [Thread-5/INFO]: (The LWJGL binding of OpenAL.  For more information, see http://www.lwjgl.org)
[23:57:03] [Thread-5/INFO]: OpenAL initialized.
[23:57:03] [Sound Library Loader/INFO]: Sound engine started
[23:57:05] [main/INFO]: Created: 512x512 textures-atlas
[23:57:06] [main/WARN]: Skipping bad option: lastServer:
[23:57:07] [main/INFO]: Narrator library for x64 successfully loaded
[23:57:08] [Realms Notification Availability checker #1/INFO]: Could not authorize you against Realms server: Invalid session id
[23:57:09] [Server thread/INFO]: Starting integrated minecraft server version 1.12
[23:57:09] [Server thread/INFO]: Generating keypair
[23:57:10] [Server thread/INFO]: Loaded 488 advancements
[23:57:10] [Server thread/INFO]: Preparing start region for level 0
[23:57:11] [Server thread/INFO]: Changing view distance to 12, from 10
[23:57:12] [Server thread/INFO]: Player730[local:E:7ee61ec7] logged in with entity id 16 at (3.5746399370728725, 56.0, 2.116872900032258)
[23:57:12] [Server thread/INFO]: Player730 joined the game
[23:57:13] [Server thread/INFO]: Saving and pausing game...
[23:57:13] [Server thread/INFO]: Saving chunks for level 'Mod Development World'/overworld
[23:57:13] [Server thread/INFO]: Saving chunks for level 'Mod Development World'/the_nether
[23:57:13] [Server thread/INFO]: Saving chunks for level 'Mod Development World'/the_end
[23:57:14] [main/INFO]: Loaded 6 advancements
[23:57:14] [Server thread/INFO]: Saving and pausing game...
[23:57:14] [Server thread/INFO]: Saving chunks for level 'Mod Development World'/overworld
[23:57:14] [Server thread/INFO]: Saving chunks for level 'Mod Development World'/the_nether
[23:57:14] [Server thread/INFO]: Saving chunks for level 'Mod Development World'/the_end
[23:57:14] [pool-2-thread-1/WARN]: Couldn't look up profile properties for com.mojang.authlib.GameProfile@5095dbc2[id=409ad871-75ba-3dbd-b116-807d64800e7d,name=Player730,properties={},legacy=false]
com.mojang.authlib.exceptions.AuthenticationException: The client has sent too many requests within a certain amount of time
	at com.mojang.authlib.yggdrasil.YggdrasilAuthenticationService.makeRequest(YggdrasilAuthenticationService.java:79) ~[YggdrasilAuthenticationService.class:?]
	at com.mojang.authlib.yggdrasil.YggdrasilMinecraftSessionService.fillGameProfile(YggdrasilMinecraftSessionService.java:180) [YggdrasilMinecraftSessionService.class:?]
	at com.mojang.authlib.yggdrasil.YggdrasilMinecraftSessionService$1.load(YggdrasilMinecraftSessionService.java:60) [YggdrasilMinecraftSessionService$1.class:?]
	at com.mojang.authlib.yggdrasil.YggdrasilMinecraftSessionService$1.load(YggdrasilMinecraftSessionService.java:57) [YggdrasilMinecraftSessionService$1.class:?]
	at com.google.common.cache.LocalCache$LoadingValueReference.loadFuture(LocalCache.java:3716) [guava-21.0.jar:?]
	at com.google.common.cache.LocalCache$Segment.loadSync(LocalCache.java:2424) [guava-21.0.jar:?]
	at com.google.common.cache.LocalCache$Segment.lockedGetOrLoad(LocalCache.java:2298) [guava-21.0.jar:?]
	at com.google.common.cache.LocalCache$Segment.get(LocalCache.java:2211) [guava-21.0.jar:?]
	at com.google.common.cache.LocalCache.get(LocalCache.java:4154) [guava-21.0.jar:?]
	at com.google.common.cache.LocalCache.getOrLoad(LocalCache.java:4158) [guava-21.0.jar:?]
	at com.google.common.cache.LocalCache$LocalLoadingCache.get(LocalCache.java:5147) [guava-21.0.jar:?]
	at com.google.common.cache.LocalCache$LocalLoadingCache.getUnchecked(LocalCache.java:5153) [guava-21.0.jar:?]
	at com.mojang.authlib.yggdrasil.YggdrasilMinecraftSessionService.fillProfileProperties(YggdrasilMinecraftSessionService.java:170) [YggdrasilMinecraftSessionService.class:?]
	at net.minecraft.client.Minecraft.getProfileProperties(Minecraft.java:3156) [Minecraft.class:?]
	at net.minecraft.client.resources.SkinManager$3.run(SkinManager.java:138) [SkinManager$3.class:?]
	at java.util.concurrent.Executors$RunnableAdapter.call(Unknown Source) [?:1.8.0_131]
	at java.util.concurrent.FutureTask.run(Unknown Source) [?:1.8.0_131]
	at java.util.concurrent.ThreadPoolExecutor.runWorker(Unknown Source) [?:1.8.0_131]
	at java.util.concurrent.ThreadPoolExecutor$Worker.run(Unknown Source) [?:1.8.0_131]
	at java.lang.Thread.run(Unknown Source) [?:1.8.0_131]
[23:57:30] [main/INFO]: Loaded 9 advancements
[23:59:13] [main/INFO]: Loaded 10 advancements
[23:59:22] [main/INFO]: Loaded 11 advancements
[23:59:24] [main/INFO]: Loaded 17 advancements
[23:59:28] [Server thread/INFO]: Saving and pausing game...
[23:59:28] [Server thread/INFO]: Saving chunks for level 'Mod Development World'/overworld
[23:59:28] [Server thread/INFO]: Saving chunks for level 'Mod Development World'/the_nether
[23:59:28] [Server thread/INFO]: Saving chunks for level 'Mod Development World'/the_end
